This file contains any messages produced by compilers while
running configure, to aid debugging if configure makes a mistake.

It was created by cairo configure 1.15.2, which was
generated by GNU Autoconf 2.69.  Invocation command line was

  $ ./configure 

## --------- ##
## Platform. ##
## --------- ##

hostname = Alseys-MacBook-Pro-Retina.local
uname -m = x86_64
uname -r = 15.4.0
uname -s = Darwin
uname -v = Darwin Kernel Version 15.4.0: Fri Feb 26 22:08:05 PST 2016; root:xnu-3248.40.184~3/RELEASE_X86_64

/usr/bin/uname -p = i386
/bin/uname -X     = unknown

/bin/arch              = unknown
/usr/bin/arch -k       = unknown
/usr/convex/getsysinfo = unknown
/usr/bin/hostinfo      = Mach kernel version:
	 Darwin Kernel Version 15.4.0: Fri Feb 26 22:08:05 PST 2016; root:xnu-3248.40.184~3/RELEASE_X86_64
Kernel configured for up to 8 processors.
4 processors are physically available.
8 processors are logically available.
Processor type: x86_64h (Intel x86-64h Haswell)
Processors active: 0 1 2 3 4 5 6 7
Primary memory available: 16.00 gigabytes
Default processor set: 277 tasks, 1423 threads, 8 processors
Load average: 1.10, Mach factor: 6.89
/bin/machine           = unknown
/usr/bin/oslevel       = unknown
/bin/universe          = unknown

PATH: /usr/local/bin
PATH: /usr/bin
PATH: /bin
PATH: /usr/sbin
PATH: /sbin
PATH: /opt/X11/bin


## ----------- ##
## Core tests. ##
## ----------- ##

configure:3038: checking for gcc
configure:3054: found /usr/bin/gcc
configure:3065: result: gcc
configure:3294: checking for C compiler version
configure:3303: gcc --version >&5
Apple LLVM version 7.3.0 (clang-703.0.31)
Target: x86_64-apple-darwin15.4.0
Thread model: posix
InstalledDir: /Applications/Xcode.app/Contents/Developer/Toolchains/XcodeDefault.xctoolchain/usr/bin
Configured with: --prefix=/Applications/Xcode.app/Contents/Developer/usr --with-gxx-include-dir=/Applications/Xcode.app/Contents/Developer/Platforms/MacOSX.platform/Developer/SDKs/MacOSX10.11.sdk/usr/include/c++/4.2.1
configure:3314: $? = 0
configure:3303: gcc -v >&5
Configured with: --prefix=/Applications/Xcode.app/Contents/Developer/usr --with-gxx-include-dir=/Applications/Xcode.app/Contents/Developer/Platforms/MacOSX.platform/Developer/SDKs/MacOSX10.11.sdk/usr/include/c++/4.2.1
Apple LLVM version 7.3.0 (clang-703.0.31)
Target: x86_64-apple-darwin15.4.0
Thread model: posix
InstalledDir: /Applications/Xcode.app/Contents/Developer/Toolchains/XcodeDefault.xctoolchain/usr/bin
configure:3314: $? = 0
configure:3303: gcc -V >&5
clang: error: argument to '-V' is missing (expected 1 value)
clang: error: no input files
configure:3314: $? = 1
configure:3303: gcc -qversion >&5
clang: error: unknown argument: '-qversion'
clang: error: no input files
configure:3314: $? = 1
configure:3334: checking whether the C compiler works
configure:3356: gcc    conftest.c  >&5
configure:3360: $? = 0
configure:3408: result: yes
configure:3411: checking for C compiler default output file name
configure:3413: result: a.out
configure:3419: checking for suffix of executables
configure:3426: gcc -o conftest    conftest.c  >&5
configure:3430: $? = 0
configure:3452: result: 
configure:3474: checking whether we are cross compiling
configure:3482: gcc -o conftest    conftest.c  >&5
configure:3486: $? = 0
configure:3493: ./conftest
configure:3497: $? = 0
configure:3512: result: no
configure:3517: checking for suffix of object files
configure:3539: gcc -c   conftest.c >&5
configure:3543: $? = 0
configure:3564: result: o
configure:3568: checking whether we are using the GNU C compiler
configure:3587: gcc -c   conftest.c >&5
configure:3587: $? = 0
configure:3596: result: yes
configure:3605: checking whether gcc accepts -g
configure:3625: gcc -c -g  conftest.c >&5
configure:3625: $? = 0
configure:3666: result: yes
configure:3683: checking for gcc option to accept ISO C89
configure:3746: gcc  -c -g -O2  conftest.c >&5
configure:3746: $? = 0
configure:3759: result: none needed
configure:3784: checking whether gcc understands -c and -o together
configure:3806: gcc -c conftest.c -o conftest2.o
configure:3809: $? = 0
configure:3806: gcc -c conftest.c -o conftest2.o
configure:3809: $? = 0
configure:3821: result: yes
configure:3844: checking how to run the C preprocessor
configure:3875: gcc -E  conftest.c
configure:3875: $? = 0
configure:3889: gcc -E  conftest.c
conftest.c:9:10: fatal error: 'ac_nonexistent.h' file not found
#include <ac_nonexistent.h>
         ^
1 error generated.
configure:3889: $? = 1
configure: failed program was:
| /* confdefs.h */
| #define PACKAGE_NAME "cairo"
| #define PACKAGE_TARNAME "cairo"
| #define PACKAGE_VERSION "1.15.2"
| #define PACKAGE_STRING "cairo 1.15.2"
| #define PACKAGE_BUGREPORT "http://bugs.freedesktop.org/enter_bug.cgi?product=cairo"
| #define PACKAGE_URL "http://cairographics.org/"
| /* end confdefs.h.  */
| #include <ac_nonexistent.h>
configure:3914: result: gcc -E
configure:3934: gcc -E  conftest.c
configure:3934: $? = 0
configure:3948: gcc -E  conftest.c
conftest.c:9:10: fatal error: 'ac_nonexistent.h' file not found
#include <ac_nonexistent.h>
         ^
1 error generated.
configure:3948: $? = 1
configure: failed program was:
| /* confdefs.h */
| #define PACKAGE_NAME "cairo"
| #define PACKAGE_TARNAME "cairo"
| #define PACKAGE_VERSION "1.15.2"
| #define PACKAGE_STRING "cairo 1.15.2"
| #define PACKAGE_BUGREPORT "http://bugs.freedesktop.org/enter_bug.cgi?product=cairo"
| #define PACKAGE_URL "http://cairographics.org/"
| /* end confdefs.h.  */
| #include <ac_nonexistent.h>
configure:3977: checking for grep that handles long lines and -e
configure:4035: result: /usr/bin/grep
configure:4040: checking for egrep
configure:4102: result: /usr/bin/grep -E
configure:4107: checking for ANSI C header files
configure:4127: gcc -c -g -O2  conftest.c >&5
configure:4127: $? = 0
configure:4200: gcc -o conftest -g -O2   conftest.c  >&5
configure:4200: $? = 0
configure:4200: ./conftest
configure:4200: $? = 0
configure:4211: result: yes
configure:4224: checking for sys/types.h
configure:4224: gcc -c -g -O2  conftest.c >&5
configure:4224: $? = 0
configure:4224: result: yes
configure:4224: checking for sys/stat.h
configure:4224: gcc -c -g -O2  conftest.c >&5
configure:4224: $? = 0
configure:4224: result: yes
configure:4224: checking for stdlib.h
configure:4224: gcc -c -g -O2  conftest.c >&5
configure:4224: $? = 0
configure:4224: result: yes
configure:4224: checking for string.h
configure:4224: gcc -c -g -O2  conftest.c >&5
configure:4224: $? = 0
configure:4224: result: yes
configure:4224: checking for memory.h
configure:4224: gcc -c -g -O2  conftest.c >&5
configure:4224: $? = 0
configure:4224: result: yes
configure:4224: checking for strings.h
configure:4224: gcc -c -g -O2  conftest.c >&5
configure:4224: $? = 0
configure:4224: result: yes
configure:4224: checking for inttypes.h
configure:4224: gcc -c -g -O2  conftest.c >&5
configure:4224: $? = 0
configure:4224: result: yes
configure:4224: checking for stdint.h
configure:4224: gcc -c -g -O2  conftest.c >&5
configure:4224: $? = 0
configure:4224: result: yes
configure:4224: checking for unistd.h
configure:4224: gcc -c -g -O2  conftest.c >&5
configure:4224: $? = 0
configure:4224: result: yes
configure:4237: checking minix/config.h usability
configure:4237: gcc -c -g -O2  conftest.c >&5
conftest.c:52:10: fatal error: 'minix/config.h' file not found
#include <minix/config.h>
         ^
1 error generated.
configure:4237: $? = 1
configure: failed program was:
| /* confdefs.h */
| #define PACKAGE_NAME "cairo"
| #define PACKAGE_TARNAME "cairo"
| #define PACKAGE_VERSION "1.15.2"
| #define PACKAGE_STRING "cairo 1.15.2"
| #define PACKAGE_BUGREPORT "http://bugs.freedesktop.org/enter_bug.cgi?product=cairo"
| #define PACKAGE_URL "http://cairographics.org/"
| #define STDC_HEADERS 1
| #define HAVE_SYS_TYPES_H 1
| #define HAVE_SYS_STAT_H 1
| #define HAVE_STDLIB_H 1
| #define HAVE_STRING_H 1
| #define HAVE_MEMORY_H 1
| #define HAVE_STRINGS_H 1
| #define HAVE_INTTYPES_H 1
| #define HAVE_STDINT_H 1
| #define HAVE_UNISTD_H 1
| /* end confdefs.h.  */
| #include <stdio.h>
| #ifdef HAVE_SYS_TYPES_H
| # include <sys/types.h>
| #endif
| #ifdef HAVE_SYS_STAT_H
| # include <sys/stat.h>
| #endif
| #ifdef STDC_HEADERS
| # include <stdlib.h>
| # include <stddef.h>
| #else
| # ifdef HAVE_STDLIB_H
| #  include <stdlib.h>
| # endif
| #endif
| #ifdef HAVE_STRING_H
| # if !defined STDC_HEADERS && defined HAVE_MEMORY_H
| #  include <memory.h>
| # endif
| # include <string.h>
| #endif
| #ifdef HAVE_STRINGS_H
| # include <strings.h>
| #endif
| #ifdef HAVE_INTTYPES_H
| # include <inttypes.h>
| #endif
| #ifdef HAVE_STDINT_H
| # include <stdint.h>
| #endif
| #ifdef HAVE_UNISTD_H
| # include <unistd.h>
| #endif
| #include <minix/config.h>
configure:4237: result: no
configure:4237: checking minix/config.h presence
configure:4237: gcc -E  conftest.c
conftest.c:19:10: fatal error: 'minix/config.h' file not found
#include <minix/config.h>
         ^
1 error generated.
configure:4237: $? = 1
configure: failed program was:
| /* confdefs.h */
| #define PACKAGE_NAME "cairo"
| #define PACKAGE_TARNAME "cairo"
| #define PACKAGE_VERSION "1.15.2"
| #define PACKAGE_STRING "cairo 1.15.2"
| #define PACKAGE_BUGREPORT "http://bugs.freedesktop.org/enter_bug.cgi?product=cairo"
| #define PACKAGE_URL "http://cairographics.org/"
| #define STDC_HEADERS 1
| #define HAVE_SYS_TYPES_H 1
| #define HAVE_SYS_STAT_H 1
| #define HAVE_STDLIB_H 1
| #define HAVE_STRING_H 1
| #define HAVE_MEMORY_H 1
| #define HAVE_STRINGS_H 1
| #define HAVE_INTTYPES_H 1
| #define HAVE_STDINT_H 1
| #define HAVE_UNISTD_H 1
| /* end confdefs.h.  */
| #include <minix/config.h>
configure:4237: result: no
configure:4237: checking for minix/config.h
configure:4237: result: no
configure:4258: checking whether it is safe to define __EXTENSIONS__
configure:4276: gcc -c -g -O2  conftest.c >&5
configure:4276: $? = 0
configure:4283: result: yes
configure:4304: checking for unistd.h
configure:4304: result: yes
configure:4304: checking sys/ioctl.h usability
configure:4304: gcc -c -g -O2  conftest.c >&5
configure:4304: $? = 0
configure:4304: result: yes
configure:4304: checking sys/ioctl.h presence
configure:4304: gcc -E  conftest.c
configure:4304: $? = 0
configure:4304: result: yes
configure:4304: checking for sys/ioctl.h
configure:4304: result: yes
configure:4331: checking for a BSD-compatible install
configure:4399: result: /usr/bin/install -c
configure:4410: checking whether build environment is sane
configure:4465: result: yes
configure:4613: checking for a thread-safe mkdir -p
configure:4652: result: build/install-sh -c -d
configure:4659: checking for gawk
configure:4689: result: no
configure:4659: checking for mawk
configure:4689: result: no
configure:4659: checking for nawk
configure:4689: result: no
configure:4659: checking for awk
configure:4675: found /usr/bin/awk
configure:4686: result: awk
configure:4697: checking whether make sets $(MAKE)
configure:4719: result: yes
configure:4749: checking for style of include used by make
configure:4777: result: GNU
configure:4811: checking whether make supports nested variables
configure:4828: result: yes
configure:4904: checking dependency style of gcc
configure:5015: result: gcc3
configure:5084: checking whether make supports nested variables
configure:5101: result: yes
configure:5161: checking for ar
configure:5177: found /usr/bin/ar
configure:5188: result: ar
configure:5214: checking the archiver (ar) interface
configure:5230: gcc -c -g -O2  conftest.c >&5
configure:5230: $? = 0
configure:5232: ar cru libconftest.a conftest.o >&5
configure:5235: $? = 0
configure:5263: result: ar

## ---------------- ##
## Cache variables. ##
## ---------------- ##

ac_cv_c_compiler_gnu=yes
ac_cv_env_CCC_set=
ac_cv_env_CCC_value=
ac_cv_env_CC_set=
ac_cv_env_CC_value=
ac_cv_env_CFLAGS_set=
ac_cv_env_CFLAGS_value=
ac_cv_env_CPPFLAGS_set=
ac_cv_env_CPPFLAGS_value=
ac_cv_env_CPP_set=
ac_cv_env_CPP_value=
ac_cv_env_CXXFLAGS_set=
ac_cv_env_CXXFLAGS_value=
ac_cv_env_CXX_set=
ac_cv_env_CXX_value=
ac_cv_env_FONTCONFIG_CFLAGS_set=
ac_cv_env_FONTCONFIG_CFLAGS_value=
ac_cv_env_FONTCONFIG_LIBS_set=
ac_cv_env_FONTCONFIG_LIBS_value=
ac_cv_env_FREETYPE_CFLAGS_set=
ac_cv_env_FREETYPE_CFLAGS_value=
ac_cv_env_FREETYPE_LIBS_set=
ac_cv_env_FREETYPE_LIBS_value=
ac_cv_env_GOBJECT_CFLAGS_set=
ac_cv_env_GOBJECT_CFLAGS_value=
ac_cv_env_GOBJECT_LIBS_set=
ac_cv_env_GOBJECT_LIBS_value=
ac_cv_env_LDFLAGS_set=
ac_cv_env_LDFLAGS_value=
ac_cv_env_LIBRSVG_CFLAGS_set=
ac_cv_env_LIBRSVG_CFLAGS_value=
ac_cv_env_LIBRSVG_LIBS_set=
ac_cv_env_LIBRSVG_LIBS_value=
ac_cv_env_LIBSPECTRE_CFLAGS_set=
ac_cv_env_LIBSPECTRE_CFLAGS_value=
ac_cv_env_LIBSPECTRE_LIBS_set=
ac_cv_env_LIBSPECTRE_LIBS_value=
ac_cv_env_LIBS_set=
ac_cv_env_LIBS_value=
ac_cv_env_PKG_CONFIG_set=
ac_cv_env_PKG_CONFIG_value=
ac_cv_env_POPPLER_CFLAGS_set=
ac_cv_env_POPPLER_CFLAGS_value=
ac_cv_env_POPPLER_LIBS_set=
ac_cv_env_POPPLER_LIBS_value=
ac_cv_env_VALGRIND_CFLAGS_set=
ac_cv_env_VALGRIND_CFLAGS_value=
ac_cv_env_VALGRIND_LIBS_set=
ac_cv_env_VALGRIND_LIBS_value=
ac_cv_env_XMKMF_set=
ac_cv_env_XMKMF_value=
ac_cv_env_build_alias_set=
ac_cv_env_build_alias_value=
ac_cv_env_cogl_CFLAGS_set=
ac_cv_env_cogl_CFLAGS_value=
ac_cv_env_cogl_LIBS_set=
ac_cv_env_cogl_LIBS_value=
ac_cv_env_directfb_CFLAGS_set=
ac_cv_env_directfb_CFLAGS_value=
ac_cv_env_directfb_LIBS_set=
ac_cv_env_directfb_LIBS_value=
ac_cv_env_drm_CFLAGS_set=
ac_cv_env_drm_CFLAGS_value=
ac_cv_env_drm_LIBS_set=
ac_cv_env_drm_LIBS_value=
ac_cv_env_egl_CFLAGS_set=
ac_cv_env_egl_CFLAGS_value=
ac_cv_env_egl_LIBS_set=
ac_cv_env_egl_LIBS_value=
ac_cv_env_gl_CFLAGS_set=
ac_cv_env_gl_CFLAGS_value=
ac_cv_env_gl_LIBS_set=
ac_cv_env_gl_LIBS_value=
ac_cv_env_glesv2_CFLAGS_set=
ac_cv_env_glesv2_CFLAGS_value=
ac_cv_env_glesv2_LIBS_set=
ac_cv_env_glesv2_LIBS_value=
ac_cv_env_glib_CFLAGS_set=
ac_cv_env_glib_CFLAGS_value=
ac_cv_env_glib_LIBS_set=
ac_cv_env_glib_LIBS_value=
ac_cv_env_gtk_CFLAGS_set=
ac_cv_env_gtk_CFLAGS_value=
ac_cv_env_gtk_LIBS_set=
ac_cv_env_gtk_LIBS_value=
ac_cv_env_host_alias_set=
ac_cv_env_host_alias_value=
ac_cv_env_pixman_CFLAGS_set=
ac_cv_env_pixman_CFLAGS_value=
ac_cv_env_pixman_LIBS_set=
ac_cv_env_pixman_LIBS_value=
ac_cv_env_png_CFLAGS_set=
ac_cv_env_png_CFLAGS_value=
ac_cv_env_png_LIBS_set=
ac_cv_env_png_LIBS_value=
ac_cv_env_png_REQUIRES_set=
ac_cv_env_png_REQUIRES_value=
ac_cv_env_qt_CFLAGS_set=
ac_cv_env_qt_CFLAGS_value=
ac_cv_env_qt_LIBS_set=
ac_cv_env_qt_LIBS_value=
ac_cv_env_target_alias_set=
ac_cv_env_target_alias_value=
ac_cv_env_xcb_CFLAGS_set=
ac_cv_env_xcb_CFLAGS_value=
ac_cv_env_xcb_LIBS_set=
ac_cv_env_xcb_LIBS_value=
ac_cv_env_xcb_shm_CFLAGS_set=
ac_cv_env_xcb_shm_CFLAGS_value=
ac_cv_env_xcb_shm_LIBS_set=
ac_cv_env_xcb_shm_LIBS_value=
ac_cv_env_xlib_CFLAGS_set=
ac_cv_env_xlib_CFLAGS_value=
ac_cv_env_xlib_LIBS_set=
ac_cv_env_xlib_LIBS_value=
ac_cv_env_xlib_xcb_CFLAGS_set=
ac_cv_env_xlib_xcb_CFLAGS_value=
ac_cv_env_xlib_xcb_LIBS_set=
ac_cv_env_xlib_xcb_LIBS_value=
ac_cv_env_xlib_xrender_CFLAGS_set=
ac_cv_env_xlib_xrender_CFLAGS_value=
ac_cv_env_xlib_xrender_LIBS_set=
ac_cv_env_xlib_xrender_LIBS_value=
ac_cv_header_inttypes_h=yes
ac_cv_header_memory_h=yes
ac_cv_header_minix_config_h=no
ac_cv_header_stdc=yes
ac_cv_header_stdint_h=yes
ac_cv_header_stdlib_h=yes
ac_cv_header_string_h=yes
ac_cv_header_strings_h=yes
ac_cv_header_sys_ioctl_h=yes
ac_cv_header_sys_stat_h=yes
ac_cv_header_sys_types_h=yes
ac_cv_header_unistd_h=yes
ac_cv_objext=o
ac_cv_path_EGREP='/usr/bin/grep -E'
ac_cv_path_GREP=/usr/bin/grep
ac_cv_path_install='/usr/bin/install -c'
ac_cv_prog_AWK=awk
ac_cv_prog_CPP='gcc -E'
ac_cv_prog_ac_ct_AR=ar
ac_cv_prog_ac_ct_CC=gcc
ac_cv_prog_cc_c89=
ac_cv_prog_cc_g=yes
ac_cv_prog_make_make_set=yes
ac_cv_safe_to_define___extensions__=yes
am_cv_CC_dependencies_compiler_type=gcc3
am_cv_ar_interface=ar
am_cv_make_support_nested_variables=yes
am_cv_prog_cc_c_o=yes

## ----------------- ##
## Output variables. ##
## ----------------- ##

ACLOCAL='${SHELL} /Users/coleman/Developer/CairoSwift/libcairo/build/missing aclocal-1.15'
AMDEPBACKSLASH='\'
AMDEP_FALSE='#'
AMDEP_TRUE=''
AMTAR='$${TAR-tar}'
AM_BACKSLASH='\'
AM_DEFAULT_V='$(AM_DEFAULT_VERBOSITY)'
AM_DEFAULT_VERBOSITY='0'
AM_V='$(V)'
AR='ar'
AUTOCONF='${SHELL} /Users/coleman/Developer/CairoSwift/libcairo/build/missing autoconf'
AUTOHEADER='${SHELL} /Users/coleman/Developer/CairoSwift/libcairo/build/missing autoheader'
AUTOMAKE='${SHELL} /Users/coleman/Developer/CairoSwift/libcairo/build/missing automake-1.15'
AWK='awk'
BFD_LIBS=''
BUILD_ANY2PPM_FALSE=''
BUILD_ANY2PPM_TRUE=''
BUILD_CXX_FALSE=''
BUILD_CXX_TRUE=''
BUILD_SPHINX_FALSE=''
BUILD_SPHINX_TRUE=''
CAIROBOILERPLATE_LIBS=''
CAIRO_CAN_TEST_PDF_SURFACE_FALSE=''
CAIRO_CAN_TEST_PDF_SURFACE_TRUE=''
CAIRO_CAN_TEST_PS_SURFACE_FALSE=''
CAIRO_CAN_TEST_PS_SURFACE_TRUE=''
CAIRO_CAN_TEST_SVG_SURFACE_FALSE=''
CAIRO_CAN_TEST_SVG_SURFACE_TRUE=''
CAIRO_CAN_TEST_WIN32_PRINTING_SURFACE_FALSE=''
CAIRO_CAN_TEST_WIN32_PRINTING_SURFACE_TRUE=''
CAIRO_CFLAGS=''
CAIRO_HAS_BEOS_SURFACE_FALSE=''
CAIRO_HAS_BEOS_SURFACE_TRUE=''
CAIRO_HAS_COGL_SURFACE_FALSE=''
CAIRO_HAS_COGL_SURFACE_TRUE=''
CAIRO_HAS_DIRECTFB_SURFACE_FALSE=''
CAIRO_HAS_DIRECTFB_SURFACE_TRUE=''
CAIRO_HAS_DLSYM_FALSE=''
CAIRO_HAS_DLSYM_TRUE=''
CAIRO_HAS_DL_FALSE=''
CAIRO_HAS_DL_TRUE=''
CAIRO_HAS_DRM_SURFACE_FALSE=''
CAIRO_HAS_DRM_SURFACE_TRUE=''
CAIRO_HAS_EGL_FUNCTIONS_FALSE=''
CAIRO_HAS_EGL_FUNCTIONS_TRUE=''
CAIRO_HAS_FC_FONT_FALSE=''
CAIRO_HAS_FC_FONT_TRUE=''
CAIRO_HAS_FT_FONT_FALSE=''
CAIRO_HAS_FT_FONT_TRUE=''
CAIRO_HAS_GALLIUM_SURFACE_FALSE=''
CAIRO_HAS_GALLIUM_SURFACE_TRUE=''
CAIRO_HAS_GLESV2_SURFACE_FALSE=''
CAIRO_HAS_GLESV2_SURFACE_TRUE=''
CAIRO_HAS_GLX_FUNCTIONS_FALSE=''
CAIRO_HAS_GLX_FUNCTIONS_TRUE=''
CAIRO_HAS_GL_SURFACE_FALSE=''
CAIRO_HAS_GL_SURFACE_TRUE=''
CAIRO_HAS_GOBJECT_FUNCTIONS_FALSE=''
CAIRO_HAS_GOBJECT_FUNCTIONS_TRUE=''
CAIRO_HAS_INTERPRETER_FALSE=''
CAIRO_HAS_INTERPRETER_TRUE=''
CAIRO_HAS_LCOV_FALSE=''
CAIRO_HAS_LCOV_TRUE=''
CAIRO_HAS_MULTI_PAGE_SURFACES_FALSE=''
CAIRO_HAS_MULTI_PAGE_SURFACES_TRUE=''
CAIRO_HAS_OS2_SURFACE_FALSE=''
CAIRO_HAS_OS2_SURFACE_TRUE=''
CAIRO_HAS_PDF_SURFACE_FALSE=''
CAIRO_HAS_PDF_SURFACE_TRUE=''
CAIRO_HAS_PNG_FUNCTIONS_FALSE=''
CAIRO_HAS_PNG_FUNCTIONS_TRUE=''
CAIRO_HAS_PS_SURFACE_FALSE=''
CAIRO_HAS_PS_SURFACE_TRUE=''
CAIRO_HAS_PTHREAD_FALSE=''
CAIRO_HAS_PTHREAD_TRUE=''
CAIRO_HAS_QT_SURFACE_FALSE=''
CAIRO_HAS_QT_SURFACE_TRUE=''
CAIRO_HAS_QUARTZ_FONT_FALSE=''
CAIRO_HAS_QUARTZ_FONT_TRUE=''
CAIRO_HAS_QUARTZ_IMAGE_SURFACE_FALSE=''
CAIRO_HAS_QUARTZ_IMAGE_SURFACE_TRUE=''
CAIRO_HAS_QUARTZ_SURFACE_FALSE=''
CAIRO_HAS_QUARTZ_SURFACE_TRUE=''
CAIRO_HAS_SCRIPT_SURFACE_FALSE=''
CAIRO_HAS_SCRIPT_SURFACE_TRUE=''
CAIRO_HAS_SKIA_SURFACE_FALSE=''
CAIRO_HAS_SKIA_SURFACE_TRUE=''
CAIRO_HAS_SPECTRE_FALSE=''
CAIRO_HAS_SPECTRE_TRUE=''
CAIRO_HAS_SVG_SURFACE_FALSE=''
CAIRO_HAS_SVG_SURFACE_TRUE=''
CAIRO_HAS_SYMBOL_LOOKUP_FALSE=''
CAIRO_HAS_SYMBOL_LOOKUP_TRUE=''
CAIRO_HAS_TEE_SURFACE_FALSE=''
CAIRO_HAS_TEE_SURFACE_TRUE=''
CAIRO_HAS_TEST_SURFACES_FALSE=''
CAIRO_HAS_TEST_SURFACES_TRUE=''
CAIRO_HAS_TRACE_FALSE=''
CAIRO_HAS_TRACE_TRUE=''
CAIRO_HAS_VG_SURFACE_FALSE=''
CAIRO_HAS_VG_SURFACE_TRUE=''
CAIRO_HAS_WGL_FUNCTIONS_FALSE=''
CAIRO_HAS_WGL_FUNCTIONS_TRUE=''
CAIRO_HAS_WIN32_FONT_FALSE=''
CAIRO_HAS_WIN32_FONT_TRUE=''
CAIRO_HAS_WIN32_SURFACE_FALSE=''
CAIRO_HAS_WIN32_SURFACE_TRUE=''
CAIRO_HAS_XCB_SHM_FUNCTIONS_FALSE=''
CAIRO_HAS_XCB_SHM_FUNCTIONS_TRUE=''
CAIRO_HAS_XCB_SURFACE_FALSE=''
CAIRO_HAS_XCB_SURFACE_TRUE=''
CAIRO_HAS_XLIB_SURFACE_FALSE=''
CAIRO_HAS_XLIB_SURFACE_TRUE=''
CAIRO_HAS_XLIB_XCB_FUNCTIONS_FALSE=''
CAIRO_HAS_XLIB_XCB_FUNCTIONS_TRUE=''
CAIRO_HAS_XLIB_XRENDER_SURFACE_FALSE=''
CAIRO_HAS_XLIB_XRENDER_SURFACE_TRUE=''
CAIRO_HAS_XML_SURFACE_FALSE=''
CAIRO_HAS_XML_SURFACE_TRUE=''
CAIRO_LDFLAGS=''
CAIRO_LIBS=''
CAIRO_LIBTOOL_VERSION_INFO=''
CAIRO_NONPKGCONFIG_CFLAGS=''
CAIRO_NONPKGCONFIG_LIBS=''
CAIRO_RELEASE_STATUS=''
CAIRO_REQUIRES=''
CAIRO_TEST_MODE=''
CAIRO_TEST_UNDEFINED_LDFLAGS=''
CAIRO_VERSION_MAJOR=''
CAIRO_VERSION_MICRO=''
CAIRO_VERSION_MINOR=''
CAIRO_VERSION_SONUM=''
CC='gcc'
CCDEPMODE='depmode=gcc3'
CFLAGS='-g -O2'
CPP='gcc -E'
CPPFLAGS=''
CROSS_COMPILING_FALSE=''
CROSS_COMPILING_TRUE=''
CXX=''
CXXDEPMODE=''
CXXFLAGS=''
CYGPATH_W='echo'
DEFS=''
DEPDIR='.deps'
DISABLE_SOME_FLOATING_POINT_FALSE=''
DISABLE_SOME_FLOATING_POINT_TRUE=''
ECHO_C='\c'
ECHO_N=''
ECHO_T=''
EGREP='/usr/bin/grep -E'
ENABLE_GTK_DOC_FALSE=''
ENABLE_GTK_DOC_TRUE=''
EXEEXT=''
FIND=''
FONTCONFIG_CFLAGS=''
FONTCONFIG_LIBS=''
FREETYPE_CFLAGS=''
FREETYPE_CONFIG=''
FREETYPE_LIBS=''
GOBJECT_CFLAGS=''
GOBJECT_LIBS=''
GREP='/usr/bin/grep'
GS=''
GTKDOC_CHECK=''
GTK_DOC_USE_LIBTOOL_FALSE=''
GTK_DOC_USE_LIBTOOL_TRUE=''
HAVE_GTK_FALSE=''
HAVE_GTK_TRUE=''
HAVE_PTHREAD_FALSE=''
HAVE_PTHREAD_TRUE=''
HAVE_REAL_PTHREAD_FALSE=''
HAVE_REAL_PTHREAD_TRUE=''
HAVE_SHM_FALSE=''
HAVE_SHM_TRUE=''
HTML_DIR=''
INSTALL_DATA='${INSTALL} -m 644'
INSTALL_PROGRAM='${INSTALL}'
INSTALL_SCRIPT='${INSTALL}'
INSTALL_STRIP_PROGRAM='$(install_sh) -c -s'
LDFLAGS=''
LIBOBJS=''
LIBRSVG_CFLAGS=''
LIBRSVG_LIBS=''
LIBS=''
LIBSPECTRE_CFLAGS=''
LIBSPECTRE_LIBS=''
LTLIBOBJS=''
LTP=''
LTP_GENHTML=''
MAKEINFO='${SHELL} /Users/coleman/Developer/CairoSwift/libcairo/build/missing makeinfo'
MKDIR_P='build/install-sh -c -d'
OBJEXT='o'
OS_WIN32_FALSE=''
OS_WIN32_TRUE=''
PACKAGE='cairo'
PACKAGE_BUGREPORT='http://bugs.freedesktop.org/enter_bug.cgi?product=cairo'
PACKAGE_NAME='cairo'
PACKAGE_STRING='cairo 1.15.2'
PACKAGE_TARNAME='cairo'
PACKAGE_URL='http://cairographics.org/'
PACKAGE_VERSION='1.15.2'
PATH_SEPARATOR=':'
PKGCONFIG_REQUIRES=''
PKG_CONFIG=''
POPPLER_CFLAGS=''
POPPLER_LIBS=''
SET_MAKE=''
SHELL='/bin/sh'
SHLIB_EXT=''
SHM_LIBS=''
SHTOOL=''
STRIP=''
VALGRIND_CFLAGS=''
VALGRIND_LIBS=''
VERSION='1.15.2'
XARGS=''
XMKMF=''
X_CFLAGS=''
X_EXTRA_LIBS=''
X_LIBS=''
X_PRE_LIBS=''
ac_ct_AR='ar'
ac_ct_CC='gcc'
ac_ct_CXX=''
am__EXEEXT_FALSE=''
am__EXEEXT_TRUE=''
am__fastdepCC_FALSE='#'
am__fastdepCC_TRUE=''
am__fastdepCXX_FALSE=''
am__fastdepCXX_TRUE=''
am__include='include'
am__isrc=''
am__leading_dot='.'
am__nodep='_no'
am__quote=''
am__tar='$${TAR-tar} chof - "$$tardir"'
am__untar='$${TAR-tar} xf -'
bindir='${exec_prefix}/bin'
build_alias=''
cogl_CFLAGS=''
cogl_LIBS=''
datadir='${datarootdir}'
datarootdir='${prefix}/share'
directfb_CFLAGS=''
directfb_LIBS=''
docdir='${datarootdir}/doc/${PACKAGE_TARNAME}'
drm_CFLAGS=''
drm_LIBS=''
dvidir='${docdir}'
egl_CFLAGS=''
egl_LIBS=''
exec_prefix='NONE'
gallium_DIR=''
gl_CFLAGS=''
gl_LIBS=''
glesv2_CFLAGS=''
glesv2_LIBS=''
glib_CFLAGS=''
glib_LIBS=''
gtk_CFLAGS=''
gtk_LIBS=''
host_alias=''
htmldir='${docdir}'
includedir='${prefix}/include'
infodir='${datarootdir}/info'
install_sh='${SHELL} /Users/coleman/Developer/CairoSwift/libcairo/build/install-sh'
libdir='${exec_prefix}/lib'
libexecdir='${exec_prefix}/libexec'
localedir='${datarootdir}/locale'
localstatedir='${prefix}/var'
lzo_LIBS=''
mandir='${datarootdir}/man'
mesa_DIR=''
mkdir_p='$(MKDIR_P)'
oldincludedir='/usr/include'
pdfdir='${docdir}'
pixman_CFLAGS=''
pixman_LIBS=''
png_CFLAGS=''
png_LIBS=''
png_REQUIRES=''
prefix='NONE'
program_transform_name='s,x,x,'
psdir='${docdir}'
pthread_CFLAGS=''
pthread_LIBS=''
qt_CFLAGS=''
qt_LIBS=''
real_pthread_CFLAGS=''
real_pthread_LIBS=''
sbindir='${exec_prefix}/sbin'
sharedstatedir='${prefix}/com'
shm_LIBS=''
skia_DIR=''
sysconfdir='${prefix}/etc'
target_alias=''
xcb_CFLAGS=''
xcb_LIBS=''
xcb_shm_CFLAGS=''
xcb_shm_LIBS=''
xlib_CFLAGS=''
xlib_LIBS=''
xlib_xcb_CFLAGS=''
xlib_xcb_LIBS=''
xlib_xrender_CFLAGS=''
xlib_xrender_LIBS=''

## ----------- ##
## confdefs.h. ##
## ----------- ##

/* confdefs.h */
#define PACKAGE_NAME "cairo"
#define PACKAGE_TARNAME "cairo"
#define PACKAGE_VERSION "1.15.2"
#define PACKAGE_STRING "cairo 1.15.2"
#define PACKAGE_BUGREPORT "http://bugs.freedesktop.org/enter_bug.cgi?product=cairo"
#define PACKAGE_URL "http://cairographics.org/"
#define STDC_HEADERS 1
#define HAVE_SYS_TYPES_H 1
#define HAVE_SYS_STAT_H 1
#define HAVE_STDLIB_H 1
#define HAVE_STRING_H 1
#define HAVE_MEMORY_H 1
#define HAVE_STRINGS_H 1
#define HAVE_INTTYPES_H 1
#define HAVE_STDINT_H 1
#define HAVE_UNISTD_H 1
#define __EXTENSIONS__ 1
#define _ALL_SOURCE 1
#define _GNU_SOURCE 1
#define _POSIX_PTHREAD_SEMANTICS 1
#define _TANDEM_SOURCE 1
#define HAVE_UNISTD_H 1
#define HAVE_SYS_IOCTL_H 1

configure: exit 258
